user@ubuntu:/projects/ArrayCat/bin/so-utf8-x64-release$ ./arraycat-memmove_gcc1130-O2 
CLOCK_PROCESS_CPUTIME_ID reports a resolution (precision) of 1 ns.

Note: genarrcat() is relying on 'memmove()' to do its work!

Testing running time for 1 elements ... done

Crossed threshold where arraycat() is faster at 7 elements:
intarraycat()   ...  15.989 ns
genarraycat()   ...  15.794 ns (1.0124 x)

Testing running time for 10 elements ... done
Testing running time for 100 elements ... done
Testing running time for 1000 elements ... done
Testing running time for 10000 elements ... done
Testing running time for 100000 elements ... done
Testing running time for 1000000 elements ... done

Average time(s) for 1 elements and 8192 iterations:
intarraycat()   ...  2.030 ns [3759.1724 MiB/s]
genarraycat()   ...  4.467 ns [1707.8836 MiB/s] (0.4543 x)

Average time(s) for 10 elements and 8192 iterations:
intarraycat()   ...  6.492 ns [11751.2127 MiB/s]
genarraycat()   ...  4.318 ns [17666.8457 MiB/s] (1.5034 x)

Average time(s) for 100 elements and 8192 iterations:
intarraycat()   ...  62.561 ns [12195.1457 MiB/s]
genarraycat()   ...  10.006 ns [76249.2680 MiB/s] (6.2524 x)

Average time(s) for 1000 elements and 8192 iterations:
intarraycat()   ...  497.315 ns [15341.1654 MiB/s]
genarraycat()   ...  51.519 ns [148088.1231 MiB/s] (9.6530 x)

Average time(s) for 10000 elements and 8192 iterations:
intarraycat()   ...  4941.081 ns [15440.7387 MiB/s]
genarraycat()   ...  1394.424 ns [54713.5840 MiB/s] (3.5435 x)

Average time(s) for 100000 elements and 2048 iterations:
intarraycat()   ...  13013.557 ns [58626.5096 MiB/s]
genarraycat()   ...  12100.881 ns [63048.2563 MiB/s] (1.0754 x)

Average time(s) for 1000000 elements and 2048 iterations:
intarraycat()   ...  140368.421 ns [8455.9161 MiB/s]
genarraycat()   ...  130505.462 ns [9094.9725 MiB/s] (1.0756 x)
user@ubuntu:/projects/ArrayCat/bin/so-utf8-x64-release$ 
