C:\Projects\ArrayCat\bin\lib-ansi-x64-release>arraycat-memmove_vs1745.exe
CLOCK_PROCESS_CPUTIME_ID reports a resolution (precision) of 100 ns.

Note: genarrcat() is relying on 'memmove()' to do its work!

Testing running time for 1 elements ... done

Crossed threshold where arraycat() is faster at 4 elements:
intarraycat()   ...  3.040 ns
genarraycat()   ...  2.917 ns (1.0418 x)

Testing running time for 10 elements ... done
Testing running time for 100 elements ... done
Testing running time for 1000 elements ... done
Testing running time for 10000 elements ... done
Testing running time for 100000 elements ... done
Testing running time for 1000000 elements ... done

Average time(s) for 1 elements and 8192 iterations:
intarraycat()   ...  1.807 ns [4222.9730 MiB/s]
genarraycat()   ...  3.564 ns [2140.4110 MiB/s] (0.5068 x)

Average time(s) for 10 elements and 8192 iterations:
intarraycat()   ...  8.081 ns [9441.0876 MiB/s]
genarraycat()   ...  6.262 ns [12183.2359 MiB/s] (1.2904 x)

Average time(s) for 100 elements and 8192 iterations:
intarraycat()   ...  66.687 ns [11440.6004 MiB/s]
genarraycat()   ...  7.446 ns [102459.0164 MiB/s] (8.9557 x)

Average time(s) for 1000 elements and 8192 iterations:
intarraycat()   ...  537.549 ns [14192.9331 MiB/s]
genarraycat()   ...  62.207 ns [122645.2119 MiB/s] (8.6413 x)

Average time(s) for 10000 elements and 8192 iterations:
intarraycat()   ...  5366.602 ns [14216.4356 MiB/s]
genarraycat()   ...  1445.129 ns [52793.8506 MiB/s] (3.7136 x)

Average time(s) for 100000 elements and 2048 iterations:
intarraycat()   ...  14246.423 ns [53553.0522 MiB/s]
genarraycat()   ...  13010.486 ns [58640.3508 MiB/s] (1.0950 x)

Average time(s) for 1000000 elements and 2048 iterations:
intarraycat()   ...  148395.313 ns [7998.5248 MiB/s]
genarraycat()   ...  130583.130 ns [9089.5630 MiB/s] (1.1364 x)

C:\Projects\ArrayCat\bin\lib-ansi-x64-release>